<?xml version="1.0" encoding="UTF-8"?>
<!-- Generated by org.testng.reporters.JUnitReportReporter -->
<testsuite hostname="VPC11972" failures="0" tests="2" name="ryanair.flight_booking.FlightBookingTest" time="152.404" errors="0" timestamp="2024-07-15T20:06:18 CEST" skipped="0">
  <testcase classname="ryanair.flight_booking.FlightBookingTest" name="bookFlightParameterizedTest" time="77.823"/>
  <testcase classname="ryanair.flight_booking.FlightBookingTest" name="bookFlightTest" time="74.581"/>
</testsuite> <!-- ryanair.flight_booking.FlightBookingTest -->
